<?xml version="1.0" encoding="UTF-8"?>
<!-- Generated by org.testng.reporters.JUnitReportReporter -->
<testsuite hostname="DESKTOP-DRRO17G" name="testng_Framework.TestSuite.ModuleB" tests="3" failures="0" timestamp="29 Dec 2020 07:01:14 GMT" time="0.016" errors="0">
  <testcase name="tc006" time="0.005" classname="testng_Framework.TestSuite.ModuleB"/>
  <testcase name="tc004" time="0.005" classname="testng_Framework.TestSuite.ModuleB"/>
  <testcase name="tc005" time="0.006" classname="testng_Framework.TestSuite.ModuleB"/>
</testsuite> <!-- testng_Framework.TestSuite.ModuleB -->
