<?xml version="1.0" encoding="UTF-8"?>
<!-- Generated by org.testng.reporters.JUnitReportReporter -->
<testsuite hostname="DESKTOP-DRRO17G" name="testng_Framework.MyTestng_Test" tests="3" failures="0" timestamp="26 Dec 2020 06:45:10 GMT" time="0.033" errors="0">
  <testcase name="tc003" time="0.002" classname="testng_Framework.MyTestng_Test"/>
  <testcase name="tc001" time="0.021" classname="testng_Framework.MyTestng_Test"/>
  <testcase name="tc002" time="0.010" classname="testng_Framework.MyTestng_Test"/>
</testsuite> <!-- testng_Framework.MyTestng_Test -->
