<?xml version="1.0" encoding="UTF-8"?>
<!-- Generated by org.testng.reporters.JUnitReportReporter -->
<testsuite hostname="DESKTOP-DRRO17G" name="testng_Framework.Method_Description" tests="2" failures="0" timestamp="26 Dec 2020 06:52:47 GMT" time="0.033" errors="0">
  <testcase name="tc001" time="0.026" classname="testng_Framework.Method_Description"/>
  <testcase name="tc002" time="0.007" classname="testng_Framework.Method_Description"/>
</testsuite> <!-- testng_Framework.Method_Description -->
