<?xml version="1.0" encoding="UTF-8"?>
<!-- Generated by org.testng.reporters.JUnitReportReporter -->
<testsuite hostname="DESKTOP-DRRO17G" name="testng_Framework.Suite_Parameter.ModuleA" tests="3" failures="0" timestamp="29 Dec 2020 07:23:22 GMT" time="0.048" errors="0">
  <testcase name="Launch_Application" time="0.034" classname="testng_Framework.Suite_Parameter.ModuleA"/>
  <testcase name="User_login" time="0.008" classname="testng_Framework.Suite_Parameter.ModuleA"/>
  <testcase name="Verify_Result" time="0.006" classname="testng_Framework.Suite_Parameter.ModuleA"/>
</testsuite> <!-- testng_Framework.Suite_Parameter.ModuleA -->
