<?xml version="1.0" encoding="UTF-8"?>
<!-- Generated by org.testng.reporters.JUnitReportReporter -->
<testsuite hostname="DESKTOP-DRRO17G" name="testng_Framework.BeforeMethod_And_AfterMethod" tests="2" failures="0" timestamp="26 Dec 2020 07:03:13 GMT" time="0.037" errors="0">
  <testcase name="tc002" time="0.024" classname="testng_Framework.BeforeMethod_And_AfterMethod"/>
  <testcase name="tc001" time="0.013" classname="testng_Framework.BeforeMethod_And_AfterMethod"/>
</testsuite> <!-- testng_Framework.BeforeMethod_And_AfterMethod -->
