<?xml version="1.0" encoding="UTF-8"?>
<!-- Generated by org.testng.reporters.JUnitReportReporter -->
<testsuite hostname="DESKTOP-DRRO17G" name="testng_Framework.Groups.ModuleB" tests="3" failures="0" timestamp="29 Dec 2020 07:07:06 GMT" time="0.024" errors="0">
  <testcase name="tc006" time="0.003" classname="testng_Framework.Groups.ModuleB"/>
  <testcase name="tc004" time="0.018" classname="testng_Framework.Groups.ModuleB"/>
  <testcase name="tc005" time="0.003" classname="testng_Framework.Groups.ModuleB"/>
</testsuite> <!-- testng_Framework.Groups.ModuleB -->
