<?xml version="1.0" encoding="UTF-8"?>
<!-- Generated by org.testng.reporters.JUnitReportReporter -->
<testsuite hostname="DESKTOP-DRRO17G" name="testng_Framework.Groups.ModuleA" tests="3" failures="0" timestamp="29 Dec 2020 07:17:09 GMT" time="0.040" errors="0">
  <testcase name="tc001" time="0.025" classname="testng_Framework.Groups.ModuleA"/>
  <testcase name="tc002" time="0.013" classname="testng_Framework.Groups.ModuleA"/>
  <testcase name="tc003" time="0.002" classname="testng_Framework.Groups.ModuleA"/>
</testsuite> <!-- testng_Framework.Groups.ModuleA -->
