<?xml version="1.0" encoding="UTF-8"?>
<!-- Generated by org.testng.reporters.JUnitReportReporter -->
<testsuite hostname="DESKTOP-DRRO17G" name="testng_Framework.Groups.ModuleC" tests="3" failures="0" timestamp="29 Dec 2020 07:07:06 GMT" time="0.019" errors="0">
  <testcase name="tc009" time="0.009" classname="testng_Framework.Groups.ModuleC"/>
  <testcase name="tc008" time="0.008" classname="testng_Framework.Groups.ModuleC"/>
  <testcase name="tc007" time="0.002" classname="testng_Framework.Groups.ModuleC"/>
</testsuite> <!-- testng_Framework.Groups.ModuleC -->
