<?xml version="1.0" encoding="UTF-8"?>
<!-- Generated by org.testng.reporters.JUnitReportReporter -->
<testsuite hostname="DESKTOP-DRRO17G" name="testng_Framework.TestSuite.ModuleC" tests="3" failures="0" timestamp="29 Dec 2020 07:01:14 GMT" time="0.011" errors="0">
  <testcase name="tc007" time="0.003" classname="testng_Framework.TestSuite.ModuleC"/>
  <testcase name="tc009" time="0.004" classname="testng_Framework.TestSuite.ModuleC"/>
  <testcase name="tc008" time="0.004" classname="testng_Framework.TestSuite.ModuleC"/>
</testsuite> <!-- testng_Framework.TestSuite.ModuleC -->
