<?xml version="1.0" encoding="UTF-8"?>
<!-- Generated by org.testng.reporters.JUnitReportReporter -->
<testsuite hostname="DESKTOP-DRRO17G" name="testng_Framework.TestSuite.ModuleA" tests="3" failures="0" timestamp="29 Dec 2020 07:01:14 GMT" time="0.069" errors="0">
  <testcase name="tc002" time="0.033" classname="testng_Framework.TestSuite.ModuleA"/>
  <testcase name="tc003" time="0.008" classname="testng_Framework.TestSuite.ModuleA"/>
  <testcase name="tc001" time="0.028" classname="testng_Framework.TestSuite.ModuleA"/>
</testsuite> <!-- testng_Framework.TestSuite.ModuleA -->
