<?xml version="1.0" encoding="UTF-8"?>
<!-- Generated by org.testng.reporters.JUnitReportReporter -->
<testsuite hostname="DESKTOP-DRRO17G" name="testng_Framework.BeforeClass_and_AfterClass" tests="2" failures="0" timestamp="26 Dec 2020 06:59:15 GMT" time="0.021" errors="0">
  <testcase name="tc002" time="0.011" classname="testng_Framework.BeforeClass_and_AfterClass"/>
  <testcase name="tc001" time="0.010" classname="testng_Framework.BeforeClass_and_AfterClass"/>
</testsuite> <!-- testng_Framework.BeforeClass_and_AfterClass -->
