<?xml version="1.0" encoding="UTF-8"?>
<!-- Generated by org.testng.reporters.JUnitReportReporter -->
<testsuite hostname="DESKTOP-DRRO17G" name="testng_Framework.Method_Priority" tests="3" failures="0" timestamp="26 Dec 2020 06:49:08 GMT" time="0.042" errors="0">
  <testcase name="x" time="0.002" classname="testng_Framework.Method_Priority"/>
  <testcase name="f" time="0.024" classname="testng_Framework.Method_Priority"/>
  <testcase name="a" time="0.016" classname="testng_Framework.Method_Priority"/>
</testsuite> <!-- testng_Framework.Method_Priority -->
