<?xml version="1.0" encoding="UTF-8"?>
<!-- Generated by org.testng.reporters.JUnitReportReporter -->
<testsuite hostname="DESKTOP-DRRO17G" name="testng_Framework.Testng_Method_Dependencies" tests="5" failures="0" timestamp="26 Dec 2020 07:20:59 GMT" time="0.030" errors="0">
  <testcase name="Browser_launch" time="0.014" classname="testng_Framework.Testng_Method_Dependencies"/>
  <testcase name="Verify_Email_At_Sentemails_After_Compose_Email" time="0.005" classname="testng_Framework.Testng_Method_Dependencies"/>
  <testcase name="User_login" time="0.001" classname="testng_Framework.Testng_Method_Dependencies"/>
  <testcase name="App_Load" time="0.007" classname="testng_Framework.Testng_Method_Dependencies"/>
  <testcase name="ComposeEmail" time="0.003" classname="testng_Framework.Testng_Method_Dependencies"/>
</testsuite> <!-- testng_Framework.Testng_Method_Dependencies -->
